<?xml version="1.0" encoding="UTF-8"?>
<!-- Generated by org.testng.reporters.JUnitReportReporter -->
<testsuite hostname="LAPTOP-3GN7A7RF" failures="0" tests="2" name="qaclick.SeleniumTest" time="0.008" errors="0" timestamp="2021-04-21T00:44:52 PDT" skipped="0">
  <testcase classname="qaclick.SeleniumTest" name="BrowserAutomation" time="0.007"/>
  <system-out/>
  <testcase classname="qaclick.SeleniumTest" name="elementsUI" time="0.001"/>
  <system-out/>
</testsuite> <!-- qaclick.SeleniumTest -->
