<?xml version="1.0" encoding="UTF-8"?>
<!-- Generated by org.testng.reporters.JUnitReportReporter -->
<testsuite hostname="LAPTOP-3GN7A7RF" failures="0" tests="1" name="qaclick.AppiumTest" time="0.007" errors="0" timestamp="2021-04-21T00:39:19 PDT" skipped="0">
  <testcase classname="qaclick.AppiumTest" name="NativeAppAndroid" time="0.007"/>
  <system-out/>
</testsuite> <!-- qaclick.AppiumTest -->
