<?xml version="1.0" encoding="UTF-8"?>
<!-- Generated by org.testng.reporters.JUnitReportReporter -->
<testsuite hostname="LAPTOP-3GN7A7RF" failures="0" tests="2" name="qaclick.Selenium" time="0.006" errors="0" timestamp="21 Apr 2021 20:19:35 GMT" skipped="0">
  <testcase classname="qaclick.Selenium" name="elementsUI" time="0.001"/>
  <testcase classname="qaclick.Selenium" name="BrowserAutomation" time="0.005"/>
</testsuite> <!-- qaclick.Selenium -->
