<?xml version="1.0" encoding="UTF-8"?>
<!-- Generated by org.testng.reporters.JUnitReportReporter -->
<testsuite hostname="LAPTOP-3GN7A7RF" failures="0" tests="2" name="qaclick.AppiumTest" time="0.000" errors="0" timestamp="21 Apr 2021 20:19:17 GMT" skipped="0">
  <testcase classname="qaclick.AppiumTest" name="NativeAppAndroid" time="0.000"/>
  <testcase classname="qaclick.AppiumTest" name="IOSApps" time="0.000"/>
</testsuite> <!-- qaclick.AppiumTest -->
