<?xml version="1.0" encoding="UTF-8"?>
<!-- Generated by org.testng.reporters.JUnitReportReporter -->
<testsuite hostname="LAPTOP-3GN7A7RF" failures="0" tests="2" name="qaclick.SeleniumTest" time="0.004" errors="0" timestamp="21 Apr 2021 18:57:43 GMT" skipped="0">
  <testcase classname="qaclick.SeleniumTest" name="elementsUI" time="0.000"/>
  <testcase classname="qaclick.SeleniumTest" name="BrowserAutomation" time="0.004"/>
</testsuite> <!-- qaclick.SeleniumTest -->
