<?xml version="1.0" encoding="UTF-8"?>
<!-- Generated by org.testng.reporters.JUnitReportReporter -->
<testsuite hostname="LAPTOP-3GN7A7RF" failures="0" tests="2" name="qaclick.RESTAPITest" time="0.000" errors="0" timestamp="21 Apr 2021 20:19:35 GMT" skipped="0">
  <testcase classname="qaclick.RESTAPITest" name="deleteTwitter" time="0.000"/>
  <testcase classname="qaclick.RESTAPITest" name="postJira" time="0.000"/>
</testsuite> <!-- qaclick.RESTAPITest -->
